C51 COMPILER V9.59.0.0   PS002                                                             04/24/2025 21:34:01 PAGE 1   


C51 COMPILER V9.59.0.0, COMPILATION OF MODULE PS002
OBJECT MODULE PLACED IN ..\PS002.obj
COMPILER INVOKED BY: C:\Keil_C51\C51\BIN\C51.EXE PS002.c OPTIMIZE(8,SPEED) BROWSE DEBUG OBJECTEXTEND TABS(2) OBJECT(..\P
                    -S002.obj)

line level    source

   1          /*************************************************************
   2                                PS002源文件
   3           
   4          实现功能：PS002的控制
   5          
   6          功能说明：PS002模拟信号传感器通过ADC0832CCN模数转换大气压
   7          ***************************************************************/
   8          #include <PS002.h>
   9          
  10          // 定义ADC转换结果变量
  11          unsigned int adc_value = 0;
  12          
  13          /********************************************************
  14          函数名称:unsigned char PS002_read0832()
  15          函数功能:读取ADC0832数值
  16          参数说明:无
  17          返回值:  ADC转换结果(0-255)
  18          ********************************************************/ 
  19          unsigned char PS002_read0832() {
  20   1          unsigned char i, dat;
  21   1          unsigned char ndat = 0;
  22   1          
  23   1          // 初始化ADC0832
  24   1          CLK_0832 = 0;       // 时钟初始为低
  25   1          CS_0832 = 1;        // 片选初始为高
  26   1          DI_0832 = 1;        // 数据输入初始为高
  27   1          
  28   1          // 启动ADC转换
  29   1          CS_0832 = 0;        // 片选拉低，开始转换
  30   1          
  31   1          // 发送通道选择位 - 选择通道0
  32   1          DI_0832 = 1;        // 起始位为1
  33   1          pulse0832();        // 产生时钟脉冲
  34   1          CLK_0832 = 1;
  35   1          pulse0832();
  36   1          CLK_0832 = 0;
  37   1          
  38   1          DI_0832 = 1;        // 单端模式D2=1
  39   1          pulse0832();
  40   1          CLK_0832 = 1;
  41   1          pulse0832();
  42   1          CLK_0832 = 0;
  43   1          
  44   1          DI_0832 = 0;        // 选择通道0 D1=0
  45   1          pulse0832();
  46   1          CLK_0832 = 1;
  47   1          pulse0832();
  48   1          CLK_0832 = 0;
  49   1          
  50   1          // 读取ADC转换结果
  51   1          for(i=0; i<8; i++) {
  52   2              CLK_0832 = 1;
  53   2              pulse0832();
  54   2              CLK_0832 = 0;
C51 COMPILER V9.59.0.0   PS002                                                             04/24/2025 21:34:01 PAGE 2   

  55   2              pulse0832();
  56   2              
  57   2              // 读取DO_0832引脚状态
  58   2              if(DO_0832) {
  59   3                  dat = 1;
  60   3              } else {
  61   3                  dat = 0;
  62   3              }
  63   2              
  64   2              // 构建8位结果
  65   2              ndat = ndat << 1;
  66   2              ndat = ndat | dat;
  67   2          }
  68   1          
  69   1          // 结束转换
  70   1          CS_0832 = 1;        // 片选拉高，结束转换
  71   1          
  72   1          return ndat;        // 返回ADC转换结果
  73   1      }
  74          
  75          /********************************************************
  76          函数名称:void PS002_init()
  77          函数功能:PS002初始化
  78          参数说明:无
  79          ********************************************************/ 
  80          void PS002_init() {
  81   1          // 初始化ADC0832引脚
  82   1          CS_0832 = 1;        // 片选初始为高
  83   1          CLK_0832 = 0;       // 时钟初始为低
  84   1          DI_0832 = 1;        // 数据输入初始为高
  85   1          
  86   1          // 初始化ADC值
  87   1          adc_value = 0;
  88   1          
  89   1          // 读取初始ADC值
  90   1          PS002_Convert();
  91   1      }
  92          
  93          /********************************************************
  94          函数名称:void PS002_Convert()
  95          函数功能:PS002读取并转换
  96          参数说明:无
  97          ********************************************************/ 
  98          void PS002_Convert() {
  99   1          // 读取ADC值
 100   1          adc_value = PS002_read0832();
 101   1      } // PS002_Convert函数结束
 102          
 103          // <-- 在文件末尾添加空行以尝试解决警告


MODULE INFORMATION:   STATIC OVERLAYABLE
   CODE SIZE        =    106    ----
   CONSTANT SIZE    =   ----    ----
   XDATA SIZE       =   ----    ----
   PDATA SIZE       =   ----    ----
   DATA SIZE        =     10    ----
   IDATA SIZE       =   ----    ----
   BIT SIZE         =   ----    ----
END OF MODULE INFORMATION.


C51 COMPILATION COMPLETE.  0 WARNING(S),  0 ERROR(S)
